<?xml version="1.0" encoding="UTF-8"?>
<!-- Generated by org.testng.reporters.JUnitReportReporter -->
<testsuite hostname="CHE7-L22927" failures="0" tests="1" name="sampleValeoTest.testScripts.LoginTest" time="9.862" errors="0" timestamp="2023-09-08T15:23:56 IST" skipped="0">
  <testcase classname="sampleValeoTest.testScripts.LoginTest" name="validLogin" time="9.862"/>
  <system-out/>
</testsuite> <!-- sampleValeoTest.testScripts.LoginTest -->
